# JRE version: OpenJDK Runtime Environment (21.0.6) (build 21.0.6+-13391695-b895.109)
# Java VM: OpenJDK 64-Bit Server VM (21.0.6+-13391695-b895.109, mixed mode, tiered, compressed oops, compressed class ptrs, g1 gc, windows-amd64)
GC Precious Log:
 CardTable entry size: 512
 Card Set container configuration: InlinePtr #cards 5 size 8 Array Of Cards #cards 12 size 40 Howl #buckets 4 coarsen threshold 1843 Howl Bitmap #cards 512 size 80 coarsen threshold 460 Card regions per heap region 1 cards per card region 2048
 CPUs: 8 total, 8 available
 Memory: 7886M
 Large Page Support: Disabled
 NUMA Support: Disabled
 Compressed Oops: Enabled (32-bit)
 Heap Region Size: 1M
 Heap Min Capacity: 8M
 Heap Initial Capacity: 124M
 Heap Max Capacity: 2G
 Pre-touch: Disabled
 Parallel Workers: 8
 Concurrent Workers: 2
 Concurrent Refinement Workers: 8
 Periodic GC: Disabled
Heap:
 garbage-first heap   total 234496K, used 145234K [0x0000000080000000, 0x0000000100000000)
  region size 1024K, 12 young (12288K), 7 survivors (7168K)
 Metaspace       used 123347K, committed 125760K, reserved 1179648K
  class space    used 16489K, committed 17664K, reserved 1048576K
GC Heap History (20 events):
Event: 57.129 GC heap before
{Heap before GC invocations=51 (full 0):
 garbage-first heap   total 184320K, used 166853K [0x0000000080000000, 0x0000000100000000)
  region size 1024K, 67 young (68608K), 8 survivors (8192K)
 Metaspace       used 109662K, committed 112000K, reserved 1179648K
  class space    used 14781K, committed 15936K, reserved 1048576K
}
Event: 57.148 GC heap after
{Heap after GC invocations=52 (full 0):
 garbage-first heap   total 184320K, used 109313K [0x0000000080000000, 0x0000000100000000)
  region size 1024K, 9 young (9216K), 9 survivors (9216K)
 Metaspace       used 109662K, committed 112000K, reserved 1179648K
  class space    used 14781K, committed 15936K, reserved 1048576K
}
Event: 58.925 GC heap before
{Heap before GC invocations=52 (full 0):
 garbage-first heap   total 184320K, used 165633K [0x0000000080000000, 0x0000000100000000)
  region size 1024K, 64 young (65536K), 9 survivors (9216K)
 Metaspace       used 115528K, committed 117824K, reserved 1179648K
  class space    used 15541K, committed 16704K, reserved 1048576K
}
Event: 58.939 GC heap after
{Heap after GC invocations=53 (full 0):
 garbage-first heap   total 184320K, used 112285K [0x0000000080000000, 0x0000000100000000)
  region size 1024K, 7 young (7168K), 7 survivors (7168K)
 Metaspace       used 115528K, committed 117824K, reserved 1179648K
  class space    used 15541K, committed 16704K, reserved 1048576K
}
Event: 60.681 GC heap before
{Heap before GC invocations=54 (full 0):
 garbage-first heap   total 188416K, used 166557K [0x0000000080000000, 0x0000000100000000)
  region size 1024K, 60 young (61440K), 7 survivors (7168K)
 Metaspace       used 117185K, committed 119552K, reserved 1179648K
  class space    used 15808K, committed 16960K, reserved 1048576K
}
Event: 60.696 GC heap after
{Heap after GC invocations=55 (full 0):
 garbage-first heap   total 188416K, used 117319K [0x0000000080000000, 0x0000000100000000)
  region size 1024K, 8 young (8192K), 8 survivors (8192K)
 Metaspace       used 117185K, committed 119552K, reserved 1179648K
  class space    used 15808K, committed 16960K, reserved 1048576K
}
Event: 61.479 GC heap before
{Heap before GC invocations=55 (full 0):
 garbage-first heap   total 188416K, used 168519K [0x0000000080000000, 0x0000000100000000)
  region size 1024K, 59 young (60416K), 8 survivors (8192K)
 Metaspace       used 118242K, committed 120576K, reserved 1179648K
  class space    used 15871K, committed 17024K, reserved 1048576K
}
Event: 61.495 GC heap after
{Heap after GC invocations=56 (full 0):
 garbage-first heap   total 189440K, used 125642K [0x0000000080000000, 0x0000000100000000)
  region size 1024K, 8 young (8192K), 8 survivors (8192K)
 Metaspace       used 118242K, committed 120576K, reserved 1179648K
  class space    used 15871K, committed 17024K, reserved 1048576K
}
Event: 61.684 GC heap before
{Heap before GC invocations=56 (full 0):
 garbage-first heap   total 189440K, used 132810K [0x0000000080000000, 0x0000000100000000)
  region size 1024K, 16 young (16384K), 8 survivors (8192K)
 Metaspace       used 118619K, committed 120960K, reserved 1179648K
  class space    used 15904K, committed 17088K, reserved 1048576K
}
Event: 61.692 GC heap after
{Heap after GC invocations=57 (full 0):
 garbage-first heap   total 189440K, used 129074K [0x0000000080000000, 0x0000000100000000)
  region size 1024K, 4 young (4096K), 4 survivors (4096K)
 Metaspace       used 118619K, committed 120960K, reserved 1179648K
  class space    used 15904K, committed 17088K, reserved 1048576K
}
Event: 65.922 GC heap before
{Heap before GC invocations=58 (full 0):
 garbage-first heap   total 225280K, used 166962K [0x0000000080000000, 0x0000000100000000)
  region size 1024K, 37 young (37888K), 4 survivors (4096K)
 Metaspace       used 121967K, committed 124288K, reserved 1179648K
  class space    used 16287K, committed 17472K, reserved 1048576K
}
Event: 65.941 GC heap after
{Heap after GC invocations=59 (full 0):
 garbage-first heap   total 225280K, used 131072K [0x0000000080000000, 0x0000000100000000)
  region size 1024K, 5 young (5120K), 5 survivors (5120K)
 Metaspace       used 121967K, committed 124288K, reserved 1179648K
  class space    used 16287K, committed 17472K, reserved 1048576K
}
Event: 75.997 GC heap before
{Heap before GC invocations=59 (full 0):
 garbage-first heap   total 225280K, used 189440K [0x0000000080000000, 0x0000000100000000)
  region size 1024K, 63 young (64512K), 5 survivors (5120K)
 Metaspace       used 121970K, committed 124288K, reserved 1179648K
  class space    used 16288K, committed 17472K, reserved 1048576K
}
Event: 76.020 GC heap after
{Heap after GC invocations=60 (full 0):
 garbage-first heap   total 225280K, used 134167K [0x0000000080000000, 0x0000000100000000)
  region size 1024K, 7 young (7168K), 7 survivors (7168K)
 Metaspace       used 121970K, committed 124288K, reserved 1179648K
  class space    used 16288K, committed 17472K, reserved 1048576K
}
Event: 78.632 GC heap before
{Heap before GC invocations=60 (full 0):
 garbage-first heap   total 225280K, used 192535K [0x0000000080000000, 0x0000000100000000)
  region size 1024K, 65 young (66560K), 7 survivors (7168K)
 Metaspace       used 122453K, committed 124800K, reserved 1179648K
  class space    used 16369K, committed 17536K, reserved 1048576K
}
Event: 78.644 GC heap after
{Heap after GC invocations=61 (full 0):
 garbage-first heap   total 225280K, used 137206K [0x0000000080000000, 0x0000000100000000)
  region size 1024K, 7 young (7168K), 7 survivors (7168K)
 Metaspace       used 122453K, committed 124800K, reserved 1179648K
  class space    used 16369K, committed 17536K, reserved 1048576K
}
Event: 87.444 GC heap before
{Heap before GC invocations=61 (full 0):
 garbage-first heap   total 225280K, used 196598K [0x0000000080000000, 0x0000000100000000)
  region size 1024K, 66 young (67584K), 7 survivors (7168K)
 Metaspace       used 122581K, committed 124992K, reserved 1179648K
  class space    used 16381K, committed 17600K, reserved 1048576K
}
Event: 87.505 GC heap after
{Heap after GC invocations=62 (full 0):
 garbage-first heap   total 225280K, used 139603K [0x0000000080000000, 0x0000000100000000)
  region size 1024K, 5 young (5120K), 5 survivors (5120K)
 Metaspace       used 122581K, committed 124992K, reserved 1179648K
  class space    used 16381K, committed 17600K, reserved 1048576K
}
Event: 97.159 GC heap before
{Heap before GC invocations=63 (full 0):
 garbage-first heap   total 234496K, used 200019K [0x0000000080000000, 0x0000000100000000)
  region size 1024K, 65 young (66560K), 5 survivors (5120K)
 Metaspace       used 123125K, committed 125440K, reserved 1179648K
  class space    used 16458K, committed 17600K, reserved 1048576K
}
Event: 97.164 GC heap after
{Heap after GC invocations=64 (full 0):
 garbage-first heap   total 234496K, used 141138K [0x0000000080000000, 0x0000000100000000)
  region size 1024K, 7 young (7168K), 7 survivors (7168K)
 Metaspace       used 123125K, committed 125440K, reserved 1179648K
  class space    used 16458K, committed 17600K, reserved 1048576K
}

